
POST /user 201 108 - 172.667 ms -
POST /user 201 108 - 126.879 ms -
POST /user 201 108 - 115.965 ms -
POST /user/login 200 383 - 120.263 ms LOGIN_ATTEMPT: llllfakeacc4@gmail.com - SUCCESS - Status: 200
GET /user/listing/ 304 - - 18.068 ms -
POST /user 201 108 - 124.889 ms -
POST /user 201 108 - 117.877 ms -
POST /user/login 401 34 - 11.745 ms LOGIN_ATTEMPT: llllfakeacc6@gmail.com - FAILURE - Status: 401
POST /user/login 401 34 - 9.800 ms LOGIN_ATTEMPT: llllfakeacc4@gmail.com - FAILURE - Status: 401
POST /user/login 401 34 - 10.659 ms LOGIN_ATTEMPT: llllfakeacc4@gmail.com - FAILURE - Status: 401
POST /user/login 401 34 - 8.567 ms LOGIN_ATTEMPT: llllfakeacc4@gmail.com - FAILURE - Status: 401
POST /user/login 401 34 - 9.825 ms LOGIN_ATTEMPT: llllfakeacc4@gmail.com - FAILURE - Status: 401
POST /user/login 401 34 - 8.690 ms LOGIN_ATTEMPT: llllfakeacc4@gmail.com - FAILURE - Status: 401
POST /user/login 403 96 - 8.429 ms LOGIN_ATTEMPT: llllfakeacc4@gmail.com - FAILURE - Status: 403
POST /user/login 423 110 - 0.976 ms LOGIN_ATTEMPT: llllfakeacc4@gmail.com - FAILURE - Status: 423
POST /user/login 423 110 - 0.881 ms LOGIN_ATTEMPT: llllfakeacc4@gmail.com - FAILURE - Status: 423
POST /user/login 423 110 - 0.854 ms LOGIN_ATTEMPT: llllfakeacc4@gmail.com - FAILURE - Status: 423
POST /user/login 423 110 - 0.868 ms LOGIN_ATTEMPT: llllfakeacc4@gmail.com - FAILURE - Status: 423
POST /user/login 423 110 - 0.972 ms LOGIN_ATTEMPT: llllfakeacc4@gmail.com - FAILURE - Status: 423
POST /user/login 423 110 - 1.234 ms LOGIN_ATTEMPT: llllfakeacc4@gmail.com - FAILURE - Status: 423
POST /user/login 423 110 - 1.127 ms LOGIN_ATTEMPT: llllfakeacc4@gmail.com - FAILURE - Status: 423
POST /user/login 423 110 - 0.920 ms LOGIN_ATTEMPT: llllfakeacc4@gmail.com - FAILURE - Status: 423
POST /user/login 423 110 - 1.675 ms LOGIN_ATTEMPT: llllfakeacc4@gmail.com - FAILURE - Status: 423
POST /user/login 423 110 - 0.897 ms LOGIN_ATTEMPT: llllfakeacc4@gmail.com - FAILURE - Status: 423
POST /user/login 423 110 - 0.968 ms LOGIN_ATTEMPT: llllfakeacc4@gmail.com - FAILURE - Status: 423
POST /user/login 423 110 - 1.507 ms LOGIN_ATTEMPT: llllfakeacc4@gmail.com - FAILURE - Status: 423
POST /user/login 423 110 - 1.068 ms LOGIN_ATTEMPT: llllfakeacc4@gmail.com - FAILURE - Status: 423
POST /user/login 423 110 - 0.877 ms LOGIN_ATTEMPT: llllfakeacc4@gmail.com - FAILURE - Status: 423
POST /user/login 423 110 - 0.817 ms LOGIN_ATTEMPT: llllfakeacc4@gmail.com - FAILURE - Status: 423
POST /user/login 423 110 - 0.935 ms LOGIN_ATTEMPT: llllfakeacc4@gmail.com - FAILURE - Status: 423
POST /user/login 423 110 - 0.807 ms LOGIN_ATTEMPT: llllfakeacc4@gmail.com - FAILURE - Status: 423
POST /user/login 423 110 - 0.821 ms LOGIN_ATTEMPT: llllfakeacc4@gmail.com - FAILURE - Status: 423
POST /user/login 423 110 - 0.825 ms LOGIN_ATTEMPT: llllfakeacc4@gmail.com - FAILURE - Status: 423
POST /user/login 423 110 - 0.820 ms LOGIN_ATTEMPT: llllfakeacc4@gmail.com - FAILURE - Status: 423
POST /user/login 423 110 - 0.810 ms LOGIN_ATTEMPT: llllfakeacc4@gmail.com - FAILURE - Status: 423
POST /user/login 423 110 - 0.851 ms LOGIN_ATTEMPT: llllfakeacc4@gmail.com - FAILURE - Status: 423
POST /user/login 423 110 - 0.882 ms LOGIN_ATTEMPT: llllfakeacc4@gmail.com - FAILURE - Status: 423
POST /user/login 423 110 - 1.015 ms LOGIN_ATTEMPT: llllfakeacc4@gmail.com - FAILURE - Status: 423
POST /user/login 423 110 - 0.865 ms LOGIN_ATTEMPT: llllfakeacc4@gmail.com - FAILURE - Status: 423
POST /user/login 423 110 - 0.835 ms LOGIN_ATTEMPT: llllfakeacc4@gmail.com - FAILURE - Status: 423
POST /user/login 423 110 - 0.834 ms LOGIN_ATTEMPT: llllfakeacc4@gmail.com - FAILURE - Status: 423
POST /user/login 423 110 - 0.813 ms LOGIN_ATTEMPT: llllfakeacc4@gmail.com - FAILURE - Status: 423
POST /user/login 423 110 - 0.818 ms LOGIN_ATTEMPT: llllfakeacc4@gmail.com - FAILURE - Status: 423
POST /user/login 423 110 - 0.774 ms LOGIN_ATTEMPT: llllfakeacc4@gmail.com - FAILURE - Status: 423
POST /user/login 423 110 - 0.808 ms LOGIN_ATTEMPT: llllfakeacc4@gmail.com - FAILURE - Status: 423
POST /user/login 423 110 - 0.840 ms LOGIN_ATTEMPT: llllfakeacc4@gmail.com - FAILURE - Status: 423
POST /user/login 423 110 - 0.854 ms LOGIN_ATTEMPT: llllfakeacc4@gmail.com - FAILURE - Status: 423
POST /user/login 423 110 - 0.808 ms LOGIN_ATTEMPT: llllfakeacc4@gmail.com - FAILURE - Status: 423
POST /user/login 423 110 - 0.818 ms LOGIN_ATTEMPT: llllfakeacc4@gmail.com - FAILURE - Status: 423
POST /user/login 403 96 - 13.037 ms LOGIN_ATTEMPT: llllfakeacc4@gmail.com - FAILURE - Status: 403
POST /user/login 423 110 - 1.201 ms LOGIN_ATTEMPT: llllfakeacc4@gmail.com - FAILURE - Status: 423
POST /user/login 423 110 - 0.798 ms LOGIN_ATTEMPT: llllfakeacc4@gmail.com - FAILURE - Status: 423
POST /user/login 423 110 - 0.861 ms LOGIN_ATTEMPT: llllfakeacc4@gmail.com - FAILURE - Status: 423
POST /user/login 423 110 - 0.824 ms LOGIN_ATTEMPT: llllfakeacc4@gmail.com - FAILURE - Status: 423
POST /user/login 423 110 - 0.838 ms LOGIN_ATTEMPT: llllfakeacc4@gmail.com - FAILURE - Status: 423
POST /user/login 423 110 - 0.864 ms LOGIN_ATTEMPT: llllfakeacc4@gmail.com - FAILURE - Status: 423
POST /user/login 401 34 - 9.460 ms LOGIN_ATTEMPT: llllfakeac2@gmail.com - FAILURE - Status: 401
POST /user 201 108 - 191.816 ms -
POST /user/login 200 384 - 129.172 ms LOGIN_ATTEMPT: llllfakeacc777@gmail.com - SUCCESS - Status: 200
GET /user/listing/ 304 - - 16.004 ms -
GET /search/ 404 146 - 4.156 ms -
GET /search/%3Cscript%3Ealert(%22leeDescription%22)%3C/script%3E 404 198 - 2.028 ms -
